<?xml version="1.0" encoding="UTF-8"?>
<!-- Generated by org.testng.reporters.JUnitReportReporter -->
<testsuite hostname="QSINBNB342" failures="0" tests="3" name="SA2025.StandAloneTest" time="38.498" errors="0" timestamp="2025-03-23T19:50:04 IST" skipped="0">
  <testcase classname="SA2025.StandAloneTest" name="submitOrder" time="11.691"/>
  <testcase classname="SA2025.StandAloneTest" name="orderHistoryTest" time="6.133"/>
  <testcase classname="SA2025.StandAloneTest" name="submitOrder" time="20.674"/>
</testsuite> <!-- SA2025.StandAloneTest -->
